<?xml version="1.0" encoding="utf-8"?><testsuites><testsuite name="pytest" errors="0" failures="0" skipped="0" tests="3" time="5.744" timestamp="2024-08-02T07:25:08.405127" hostname="0cae9c6a9d4e"><testcase classname="tests.test_predictions" name="test_single_pred_not_none" time="0.018" /><testcase classname="tests.test_predictions" name="test_single_pred_str_type" time="0.010" /><testcase classname="tests.test_predictions" name="test_single_pred_validate" time="0.010" /></testsuite></testsuites>